<?xml version="1.0" encoding="UTF-8"?>
<!-- Generated by org.testng.reporters.JUnitReportReporter -->
<testsuite hostname="DESKTOP-NU2HF77" failures="0" tests="4" name="mvnFrameWorks.shoppingOrder4TestPrac" time="56.210" errors="0" timestamp="2025-06-21T10:35:50 IST" skipped="0">
  <testcase classname="mvnFrameWorks.shoppingOrder4TestPrac" name="verifyOrderHistory" time="7.343"/>
  <testcase classname="mvnFrameWorks.shoppingOrder4TestPrac" name="productShoppings" time="15.804"/>
  <testcase classname="mvnFrameWorks.shoppingOrder4TestPrac" name="productShoppings" time="15.726"/>
  <testcase classname="mvnFrameWorks.shoppingOrder4TestPrac" name="productShoppings" time="17.337"/>
</testsuite> <!-- mvnFrameWorks.shoppingOrder4TestPrac -->
