<?xml version="1.0" encoding="UTF-8"?>
<!-- Generated by org.testng.reporters.JUnitReportReporter -->
<testsuite hostname="DESKTOP-NU2HF77" failures="0" tests="4" name="mvnFrameWorks.shoppingOrder4Test" time="52.936" errors="0" timestamp="2025-06-05T16:53:36 IST" skipped="0">
  <testcase classname="mvnFrameWorks.shoppingOrder4Test" name="productShoppings" time="16.266"/>
  <testcase classname="mvnFrameWorks.shoppingOrder4Test" name="productShoppings" time="14.979"/>
  <testcase classname="mvnFrameWorks.shoppingOrder4Test" name="productShoppings" time="14.798"/>
  <testcase classname="mvnFrameWorks.shoppingOrder4Test" name="verifyOrderHistory" time="6.893"/>
</testsuite> <!-- mvnFrameWorks.shoppingOrder4Test -->
