<?xml version="1.0" encoding="UTF-8"?>
<!-- Generated by org.testng.reporters.JUnitReportReporter -->
<testsuite hostname="DESKTOP-NU2HF77" failures="0" tests="2" name="mvnFrameWorks.shoppingOrder1Test" time="23.830" errors="0" timestamp="2025-05-06T18:25:29 GMT+05:30" skipped="0">
  <testcase classname="mvnFrameWorks.shoppingOrder1Test" name="verifyOrderHistory" time="8.534"/>
  <testcase classname="mvnFrameWorks.shoppingOrder1Test" name="productShoppings" time="15.296"/>
</testsuite> <!-- mvnFrameWorks.shoppingOrder1Test -->
