<?xml version="1.0" encoding="UTF-8"?>
<!-- Generated by org.testng.reporters.JUnitReportReporter -->
<testsuite hostname="DESKTOP-NU2HF77" failures="0" tests="3" name="mvnFrameWorks.shoppingOrder5Test" time="37.724" errors="0" timestamp="2025-06-05T16:40:40 IST" skipped="0">
  <testcase classname="mvnFrameWorks.shoppingOrder5Test" name="productShoppings" time="14.821"/>
  <testcase classname="mvnFrameWorks.shoppingOrder5Test" name="productShoppings" time="15.150"/>
  <testcase classname="mvnFrameWorks.shoppingOrder5Test" name="verifyOrderHistory" time="7.753"/>
</testsuite> <!-- mvnFrameWorks.shoppingOrder5Test -->
