<?xml version="1.0" encoding="UTF-8"?>
<!-- Generated by org.testng.reporters.JUnitReportReporter -->
<testsuite hostname="DESKTOP-NU2HF77" failures="0" tests="4" name="mvnFrameWorks.loginValidationExcelTestPrac" time="50.255" errors="0" timestamp="2025-06-21T10:03:05 IST" skipped="0">
  <testcase classname="mvnFrameWorks.loginValidationExcelTestPrac" name="loginTest" time="12.281"/>
  <testcase classname="mvnFrameWorks.loginValidationExcelTestPrac" name="prdMatch" time="12.136"/>
  <testcase classname="mvnFrameWorks.loginValidationExcelTestPrac" name="loginTest" time="14.441"/>
  <testcase classname="mvnFrameWorks.loginValidationExcelTestPrac" name="prdMatch" time="11.397"/>
</testsuite> <!-- mvnFrameWorks.loginValidationExcelTestPrac -->
