<?xml version="1.0" encoding="UTF-8"?>
<!-- Generated by org.testng.reporters.JUnitReportReporter -->
<testsuite hostname="DESKTOP-NU2HF77" failures="0" tests="1" name="mvnFrameWorks.extentTesting" time="3.604" errors="0" timestamp="2025-05-06T18:18:57 IST" skipped="0">
  <testcase classname="mvnFrameWorks.extentTesting" name="demoExtent" time="3.604"/>
</testsuite> <!-- mvnFrameWorks.extentTesting -->
