<?xml version="1.0" encoding="UTF-8"?>
<!-- Generated by org.testng.reporters.JUnitReportReporter -->
<testsuite hostname="DESKTOP-NU2HF77" failures="0" tests="3" name="mvnFrameWorks.shoppingOrder2Test" time="34.416" errors="0" timestamp="2025-05-06T18:14:03 IST" skipped="0">
  <testcase classname="mvnFrameWorks.shoppingOrder2Test" name="productShoppings" time="14.086"/>
  <testcase classname="mvnFrameWorks.shoppingOrder2Test" name="verifyOrderHistory" time="6.876"/>
  <testcase classname="mvnFrameWorks.shoppingOrder2Test" name="productShoppings" time="13.454"/>
</testsuite> <!-- mvnFrameWorks.shoppingOrder2Test -->
