<?xml version="1.0" encoding="UTF-8"?>
<!-- Generated by org.testng.reporters.JUnitReportReporter -->
<testsuite hostname="DESKTOP-NU2HF77" failures="0" tests="4" name="mvnFrameWorks.shoppingOrder4Test" time="57.631" errors="0" timestamp="2025-06-21T11:01:05 IST" skipped="0">
  <testcase classname="mvnFrameWorks.shoppingOrder4Test" name="verifyOrderHistory" time="7.302"/>
  <testcase classname="mvnFrameWorks.shoppingOrder4Test" name="productShoppings" time="16.023"/>
  <testcase classname="mvnFrameWorks.shoppingOrder4Test" name="productShoppings" time="16.204"/>
  <testcase classname="mvnFrameWorks.shoppingOrder4Test" name="productShoppings" time="18.102"/>
</testsuite> <!-- mvnFrameWorks.shoppingOrder4Test -->
