<?xml version="1.0" encoding="UTF-8"?>
<!-- Generated by org.testng.reporters.JUnitReportReporter -->
<testsuite hostname="DESKTOP-NU2HF77" failures="0" tests="4" name="testNG.dataVariableLogin" time="15.761" errors="0" timestamp="2025-05-06T18:17:02 IST" skipped="0">
  <testcase classname="testNG.dataVariableLogin" name="login" time="3.794"/>
  <testcase classname="testNG.dataVariableLogin" name="login" time="3.675"/>
  <testcase classname="testNG.dataVariableLogin" name="login" time="4.585"/>
  <testcase classname="testNG.dataVariableLogin" name="login" time="3.707"/>
</testsuite> <!-- testNG.dataVariableLogin -->
