<?xml version="1.0" encoding="UTF-8"?>
<!-- Generated by org.testng.reporters.JUnitReportReporter -->
<testsuite hostname="DESKTOP-NU2HF77" failures="0" tests="3" name="singletonDesign.WebDriverTest" time="4.207" errors="0" timestamp="2025-05-06T18:12:37 IST" skipped="0">
  <testcase classname="singletonDesign.WebDriverTest" name="testGoogle" time="1.545"/>
  <testcase classname="singletonDesign.WebDriverTest" name="testGoogle" time="1.215"/>
  <testcase classname="singletonDesign.WebDriverTest" name="testGoogle" time="1.447"/>
</testsuite> <!-- singletonDesign.WebDriverTest -->
