<?xml version="1.0" encoding="UTF-8"?>
<!-- Generated by org.testng.reporters.JUnitReportReporter -->
<testsuite hostname="DESKTOP-NU2HF77" failures="0" tests="1" name="mvnFrameWorks.loginValidationExcelTest" time="17.048" errors="0" timestamp="2025-05-29T23:58:17 IST" skipped="0">
  <testcase classname="mvnFrameWorks.loginValidationExcelTest" name="loginTest" time="17.048"/>
</testsuite> <!-- mvnFrameWorks.loginValidationExcelTest -->
