<?xml version="1.0" encoding="UTF-8"?>
<!-- Generated by org.testng.reporters.JUnitReportReporter -->
<testsuite hostname="DESKTOP-NU2HF77" failures="0" tests="4" name="testNG.dataVariableLogin" time="16.964" errors="0" timestamp="2025-06-12T16:17:32 IST" skipped="0">
  <testcase classname="testNG.dataVariableLogin" name="login" time="3.794"/>
  <testcase classname="testNG.dataVariableLogin" name="login" time="3.746"/>
  <testcase classname="testNG.dataVariableLogin" name="login" time="5.681"/>
  <testcase classname="testNG.dataVariableLogin" name="login" time="3.743"/>
</testsuite> <!-- testNG.dataVariableLogin -->
