<?xml version="1.0" encoding="UTF-8"?>
<!-- Generated by org.testng.reporters.JUnitReportReporter -->
<testsuite hostname="DESKTOP-NU2HF77" failures="0" tests="3" name="mvnFrameWorks.shoppingOrder3Test" time="39.251" errors="0" timestamp="2025-06-05T16:41:56 IST" skipped="0">
  <testcase classname="mvnFrameWorks.shoppingOrder3Test" name="verifyOrderHistory" time="8.069"/>
  <testcase classname="mvnFrameWorks.shoppingOrder3Test" name="productShoppings" time="15.332"/>
  <testcase classname="mvnFrameWorks.shoppingOrder3Test" name="productShoppings" time="15.850"/>
</testsuite> <!-- mvnFrameWorks.shoppingOrder3Test -->
