<?xml version="1.0" encoding="UTF-8"?>
<!-- Generated by org.testng.reporters.JUnitReportReporter -->
<testsuite hostname="DESKTOP-NU2HF77" failures="0" tests="4" name="mvnFrameWorks.loginValidationExcelTest" time="47.553" errors="0" timestamp="2025-06-21T09:54:57 IST" skipped="0">
  <testcase classname="mvnFrameWorks.loginValidationExcelTest" name="prdMatch" time="10.098"/>
  <testcase classname="mvnFrameWorks.loginValidationExcelTest" name="prdMatch" time="10.692"/>
  <testcase classname="mvnFrameWorks.loginValidationExcelTest" name="loginTest" time="12.516"/>
  <testcase classname="mvnFrameWorks.loginValidationExcelTest" name="loginTest" time="14.247"/>
</testsuite> <!-- mvnFrameWorks.loginValidationExcelTest -->
