<?xml version="1.0" encoding="UTF-8"?>
<!-- Generated by org.testng.reporters.JUnitReportReporter -->
<testsuite hostname="DESKTOP-NU2HF77" failures="0" tests="3" name="mvnFrameWorks.shoppingOrder5Test" time="36.618" errors="0" timestamp="2025-06-04T18:58:06 IST" skipped="0">
  <testcase classname="mvnFrameWorks.shoppingOrder5Test" name="verifyOrderHistory" time="6.032"/>
  <testcase classname="mvnFrameWorks.shoppingOrder5Test" name="productShoppings" time="15.264"/>
  <testcase classname="mvnFrameWorks.shoppingOrder5Test" name="productShoppings" time="15.322"/>
</testsuite> <!-- mvnFrameWorks.shoppingOrder5Test -->
