<?xml version="1.0" encoding="UTF-8"?>
<!-- Generated by org.testng.reporters.JUnitReportReporter -->
<testsuite hostname="DESKTOP-NU2HF77" failures="0" tests="4" name="mvnFrameWorks.shoppingOrder4TestPrac" time="59.401" errors="0" timestamp="2025-06-21T12:53:36 IST" skipped="0">
  <testcase classname="mvnFrameWorks.shoppingOrder4TestPrac" name="productShoppings" time="17.876"/>
  <testcase classname="mvnFrameWorks.shoppingOrder4TestPrac" name="productShoppings" time="15.893"/>
  <testcase classname="mvnFrameWorks.shoppingOrder4TestPrac" name="productShoppings" time="15.807"/>
  <testcase classname="mvnFrameWorks.shoppingOrder4TestPrac" name="verifyOrderHistory" time="9.825"/>
</testsuite> <!-- mvnFrameWorks.shoppingOrder4TestPrac -->
