<?xml version="1.0" encoding="UTF-8"?>
<!-- Generated by org.testng.reporters.JUnitReportReporter -->
<testsuite hostname="DESKTOP-NU2HF77" failures="0" tests="3" name="mvnFrameWorks.shoppingOrder5Test" time="41.502" errors="0" timestamp="2025-06-21T16:30:59 IST" skipped="0">
  <testcase classname="mvnFrameWorks.shoppingOrder5Test" name="verifyOrderHistory" time="7.593"/>
  <testcase classname="mvnFrameWorks.shoppingOrder5Test" name="productShoppings" time="16.910"/>
  <testcase classname="mvnFrameWorks.shoppingOrder5Test" name="productShoppings" time="16.999"/>
</testsuite> <!-- mvnFrameWorks.shoppingOrder5Test -->
