<?xml version="1.0" encoding="UTF-8"?>
<!-- Generated by org.testng.reporters.JUnitReportReporter -->
<testsuite hostname="DESKTOP-NU2HF77" failures="0" tests="4" name="mvnFrameWorks.shoppingOrder4Test" time="51.480" errors="0" timestamp="2025-06-21T16:27:50 IST" skipped="0">
  <testcase classname="mvnFrameWorks.shoppingOrder4Test" name="productShoppings" time="13.906"/>
  <testcase classname="mvnFrameWorks.shoppingOrder4Test" name="productShoppings" time="15.561"/>
  <testcase classname="mvnFrameWorks.shoppingOrder4Test" name="verifyOrderHistory" time="6.387"/>
  <testcase classname="mvnFrameWorks.shoppingOrder4Test" name="productShoppings" time="15.626"/>
</testsuite> <!-- mvnFrameWorks.shoppingOrder4Test -->
