<?xml version="1.0" encoding="UTF-8"?>
<!-- Generated by org.testng.reporters.JUnitReportReporter -->
<testsuite hostname="DESKTOP-NU2HF77" failures="0" tests="4" name="mvnFrameWorks.loginValidationExcelTest" time="40.740" errors="0" timestamp="2025-06-21T16:21:01 IST" skipped="0">
  <testcase classname="mvnFrameWorks.loginValidationExcelTest" name="prdMatch" time="9.208"/>
  <testcase classname="mvnFrameWorks.loginValidationExcelTest" name="loginTest" time="10.783"/>
  <testcase classname="mvnFrameWorks.loginValidationExcelTest" name="prdMatch" time="9.994"/>
  <testcase classname="mvnFrameWorks.loginValidationExcelTest" name="loginTest" time="10.755"/>
</testsuite> <!-- mvnFrameWorks.loginValidationExcelTest -->
