<?xml version="1.0" encoding="UTF-8"?>
<!-- Generated by org.testng.reporters.JUnitReportReporter -->
<testsuite hostname="DESKTOP-NU2HF77" failures="0" tests="3" name="mvnFrameWorks.shoppingOrder3Test" time="34.922" errors="0" timestamp="2025-06-04T18:54:45 IST" skipped="0">
  <testcase classname="mvnFrameWorks.shoppingOrder3Test" name="productShoppings" time="14.141"/>
  <testcase classname="mvnFrameWorks.shoppingOrder3Test" name="verifyOrderHistory" time="6.606"/>
  <testcase classname="mvnFrameWorks.shoppingOrder3Test" name="productShoppings" time="14.175"/>
</testsuite> <!-- mvnFrameWorks.shoppingOrder3Test -->
