<?xml version="1.0" encoding="UTF-8"?>
<!-- Generated by org.testng.reporters.JUnitReportReporter -->
<testsuite hostname="DESKTOP-NU2HF77" failures="0" tests="4" name="mvnFrameWorks.loginValidationExcelTestPrac" time="40.593" errors="0" timestamp="2025-06-21T16:22:22 IST" skipped="0">
  <testcase classname="mvnFrameWorks.loginValidationExcelTestPrac" name="loginTest" time="10.425"/>
  <testcase classname="mvnFrameWorks.loginValidationExcelTestPrac" name="loginTest" time="10.291"/>
  <testcase classname="mvnFrameWorks.loginValidationExcelTestPrac" name="prdMatch" time="10.701"/>
  <testcase classname="mvnFrameWorks.loginValidationExcelTestPrac" name="prdMatch" time="9.176"/>
</testsuite> <!-- mvnFrameWorks.loginValidationExcelTestPrac -->
