<?xml version="1.0" encoding="UTF-8"?>
<!-- Generated by org.testng.reporters.JUnitReportReporter -->
<testsuite hostname="DESKTOP-NU2HF77" failures="0" tests="3" name="mvnFrameWorks.shoppingOrder3Test" time="36.016" errors="0" timestamp="2025-05-06T18:15:25 IST" skipped="0">
  <testcase classname="mvnFrameWorks.shoppingOrder3Test" name="productShoppings" time="14.733"/>
  <testcase classname="mvnFrameWorks.shoppingOrder3Test" name="productShoppings" time="14.338"/>
  <testcase classname="mvnFrameWorks.shoppingOrder3Test" name="verifyOrderHistory" time="6.945"/>
</testsuite> <!-- mvnFrameWorks.shoppingOrder3Test -->
