<?xml version="1.0" encoding="UTF-8"?>
<!-- Generated by org.testng.reporters.JUnitReportReporter -->
<testsuite hostname="DESKTOP-NU2HF77" failures="0" tests="3" name="mvnFrameWorks.shoppingOrder4Test" time="37.930" errors="0" timestamp="2025-06-05T16:45:15 IST" skipped="0">
  <testcase classname="mvnFrameWorks.shoppingOrder4Test" name="productShoppings" time="14.779"/>
  <testcase classname="mvnFrameWorks.shoppingOrder4Test" name="productShoppings" time="15.114"/>
  <testcase classname="mvnFrameWorks.shoppingOrder4Test" name="verifyOrderHistory" time="8.037"/>
</testsuite> <!-- mvnFrameWorks.shoppingOrder4Test -->
