<?xml version="1.0" encoding="UTF-8"?>
<!-- Generated by org.testng.reporters.JUnitReportReporter -->
<testsuite hostname="DESKTOP-NU2HF77" failures="0" tests="3" name="mvnFrameWorks.shoppingOrder2Test" time="35.374" errors="0" timestamp="2025-05-09T20:31:36 IST" skipped="0">
  <testcase classname="mvnFrameWorks.shoppingOrder2Test" name="productShoppings" time="14.350"/>
  <testcase classname="mvnFrameWorks.shoppingOrder2Test" name="verifyOrderHistory" time="6.879"/>
  <testcase classname="mvnFrameWorks.shoppingOrder2Test" name="productShoppings" time="14.145"/>
</testsuite> <!-- mvnFrameWorks.shoppingOrder2Test -->
