<?xml version="1.0" encoding="UTF-8"?>
<!-- Generated by org.testng.reporters.JUnitReportReporter -->
<testsuite hostname="DESKTOP-NU2HF77" failures="0" tests="3" name="mvnFrameWorks.shoppingOrder2Test" time="40.450" errors="0" timestamp="2025-05-09T21:30:02 IST" skipped="0">
  <testcase classname="mvnFrameWorks.shoppingOrder2Test" name="productShoppings" time="15.456"/>
  <testcase classname="mvnFrameWorks.shoppingOrder2Test" name="productShoppings" time="16.443"/>
  <testcase classname="mvnFrameWorks.shoppingOrder2Test" name="verifyOrderHistory" time="8.551"/>
</testsuite> <!-- mvnFrameWorks.shoppingOrder2Test -->
