<?xml version="1.0" encoding="UTF-8"?>
<!-- Generated by org.testng.reporters.JUnitReportReporter -->
<testsuite hostname="DESKTOP-NU2HF77" failures="0" tests="2" name="mvnFrameWorks.shoppingOrder1Test" time="21.424" errors="0" timestamp="2025-05-09T21:45:39 IST" skipped="0">
  <testcase classname="mvnFrameWorks.shoppingOrder1Test" name="verifyOrderHistory" time="6.393"/>
  <testcase classname="mvnFrameWorks.shoppingOrder1Test" name="productShoppings" time="15.031"/>
</testsuite> <!-- mvnFrameWorks.shoppingOrder1Test -->
